{"date":"2024-03-20 13:09:43:923","record":{"agent":"Smith-8157","info":"SETUP"}}
{"date":"2024-03-20 13:09:43:924","record":{"agent":"Luis_Castillo_Vidal","info":"Waiting for messages"}}
{"date":"2024-03-20 13:09:43:929","record":{"agent":"Smith-8157","info":"Configuring..."}}
{"date":"2024-03-20 13:09:43:930","record":{"agent":"Smith-8157","info":"Paused"}}
{"date":"2024-03-20 13:09:43:932","record":{"agent":"Luis_Castillo_Vidal","info":"Confirming birth of agent Smith-8157"}}
{"date":"2024-03-20 13:09:45:552","record":{"agent":"Smith-8157","info":"Executing... cycle 0"}}
{"date":"2024-03-20 13:09:45:553","record":{"agent":"Smith-8157","info":"Executing... cycle 1"}}
{"date":"2024-03-20 13:09:45:554","record":{"agent":"Smith-8157","info":"Executing... cycle 2"}}
{"date":"2024-03-20 13:09:45:556","record":{"agent":"Smith-8157","info":"Executing... cycle 3"}}
{"date":"2024-03-20 13:09:45:558","record":{"agent":"Smith-8157","info":"Executing... cycle 4"}}
{"date":"2024-03-20 13:09:45:559","record":{"agent":"Smith-8157","info":"Executing... cycle 5"}}
{"date":"2024-03-20 13:09:45:561","record":{"agent":"Smith-8157","info":"Executing... cycle 6"}}
{"date":"2024-03-20 13:09:45:562","record":{"agent":"Smith-8157","info":"Executing... cycle 7"}}
{"date":"2024-03-20 13:09:45:563","record":{"agent":"Smith-8157","info":"Executing... cycle 8"}}
{"date":"2024-03-20 13:09:45:565","record":{"agent":"Smith-8157","info":"Executing... cycle 9"}}
{"date":"2024-03-20 13:09:45:566","record":{"agent":"Smith-8157","info":"Executing... cycle 10"}}
{"date":"2024-03-20 13:09:45:569","record":{"agent":"Smith-8157","info":"Executing... cycle 11"}}
{"date":"2024-03-20 13:09:45:570","record":{"agent":"Smith-8157","info":"Executing... cycle 12"}}
{"date":"2024-03-20 13:09:45:570","record":{"agent":"Smith-8157","info":"Executing... cycle 13"}}
{"date":"2024-03-20 13:09:45:571","record":{"agent":"Smith-8157","info":"Executing... cycle 14"}}
{"date":"2024-03-20 13:09:45:572","record":{"agent":"Smith-8157","info":"Executing... cycle 15"}}
{"date":"2024-03-20 13:09:45:573","record":{"agent":"Smith-8157","info":"Executing... cycle 16"}}
{"date":"2024-03-20 13:09:45:574","record":{"agent":"Smith-8157","info":"Executing... cycle 17"}}
{"date":"2024-03-20 13:09:45:575","record":{"agent":"Smith-8157","info":"Executing... cycle 18"}}
{"date":"2024-03-20 13:09:45:576","record":{"agent":"Smith-8157","info":"Executing... cycle 19"}}
{"date":"2024-03-20 13:09:45:577","record":{"agent":"Smith-8157","info":"Executing... cycle 20"}}
{"date":"2024-03-20 13:09:45:578","record":{"agent":"Smith-8157","info":"Executing... cycle 21"}}
{"date":"2024-03-20 13:09:45:578","record":{"agent":"Smith-8157","info":"Executing... cycle 22"}}
{"date":"2024-03-20 13:09:45:579","record":{"agent":"Smith-8157","info":"Executing... cycle 23"}}
{"date":"2024-03-20 13:09:45:580","record":{"agent":"Smith-8157","info":"Executing... cycle 24"}}
{"date":"2024-03-20 13:09:45:581","record":{"agent":"Smith-8157","info":"Executing... cycle 25"}}
{"date":"2024-03-20 13:09:45:582","record":{"agent":"Smith-8157","info":"Executing... cycle 26"}}
{"date":"2024-03-20 13:09:45:582","record":{"agent":"Smith-8157","info":"Executing... cycle 27"}}
{"date":"2024-03-20 13:09:45:583","record":{"agent":"Smith-8157","info":"Executing... cycle 28"}}
{"date":"2024-03-20 13:09:45:583","record":{"agent":"Smith-8157","info":"Executing... cycle 29"}}
{"date":"2024-03-20 13:09:45:584","record":{"agent":"Smith-8157","info":"Executing... cycle 30"}}
{"date":"2024-03-20 13:09:45:584","record":{"agent":"Smith-8157","info":"Executing... cycle 31"}}
{"date":"2024-03-20 13:09:45:584","record":{"agent":"Smith-8157","info":"Executing... cycle 32"}}
{"date":"2024-03-20 13:09:45:585","record":{"agent":"Smith-8157","info":"Executing... cycle 33"}}
{"date":"2024-03-20 13:09:45:585","record":{"agent":"Smith-8157","info":"Executing... cycle 34"}}
{"date":"2024-03-20 13:09:45:585","record":{"agent":"Smith-8157","info":"Executing... cycle 35"}}
{"date":"2024-03-20 13:09:45:586","record":{"agent":"Smith-8157","info":"Executing... cycle 36"}}
{"date":"2024-03-20 13:09:45:586","record":{"agent":"Smith-8157","info":"Executing... cycle 37"}}
{"date":"2024-03-20 13:09:45:587","record":{"agent":"Smith-8157","info":"Executing... cycle 38"}}
{"date":"2024-03-20 13:09:45:588","record":{"agent":"Smith-8157","info":"Executing... cycle 39"}}
{"date":"2024-03-20 13:09:45:589","record":{"agent":"Smith-8157","info":"Executing... cycle 40"}}
{"date":"2024-03-20 13:09:45:590","record":{"agent":"Smith-8157","info":"Executing... cycle 41"}}
{"date":"2024-03-20 13:09:45:590","record":{"agent":"Smith-8157","info":"Executing... cycle 42"}}
{"date":"2024-03-20 13:09:45:591","record":{"agent":"Smith-8157","info":"Executing... cycle 43"}}
{"date":"2024-03-20 13:09:45:591","record":{"agent":"Smith-8157","info":"Executing... cycle 44"}}
{"date":"2024-03-20 13:09:45:592","record":{"agent":"Smith-8157","info":"Executing... cycle 45"}}
{"date":"2024-03-20 13:09:45:593","record":{"agent":"Smith-8157","info":"Executing... cycle 46"}}
{"date":"2024-03-20 13:09:45:593","record":{"agent":"Smith-8157","info":"Executing... cycle 47"}}
{"date":"2024-03-20 13:09:45:594","record":{"agent":"Smith-8157","info":"Executing... cycle 48"}}
{"date":"2024-03-20 13:09:45:594","record":{"agent":"Smith-8157","info":"Executing... cycle 49"}}
{"date":"2024-03-20 13:09:45:595","record":{"agent":"Smith-8157","info":"Executing... cycle 50"}}
{"date":"2024-03-20 13:09:45:595","record":{"agent":"Smith-8157","info":"Executing... cycle 51"}}
{"date":"2024-03-20 13:09:45:595","record":{"agent":"Smith-8157","info":"Executing... cycle 52"}}
{"date":"2024-03-20 13:09:45:596","record":{"agent":"Smith-8157","info":"Executing... cycle 53"}}
{"date":"2024-03-20 13:09:45:596","record":{"agent":"Smith-8157","info":"Executing... cycle 54"}}
{"date":"2024-03-20 13:09:45:597","record":{"agent":"Smith-8157","info":"Executing... cycle 55"}}
{"date":"2024-03-20 13:09:45:597","record":{"agent":"Smith-8157","info":"Executing... cycle 56"}}
{"date":"2024-03-20 13:09:45:597","record":{"agent":"Smith-8157","info":"Executing... cycle 57"}}
{"date":"2024-03-20 13:09:45:598","record":{"agent":"Smith-8157","info":"Executing... cycle 58"}}
{"date":"2024-03-20 13:09:45:598","record":{"agent":"Smith-8157","info":"Executing... cycle 59"}}
{"date":"2024-03-20 13:09:45:599","record":{"agent":"Smith-8157","info":"Executing... cycle 60"}}
{"date":"2024-03-20 13:09:45:599","record":{"agent":"Smith-8157","info":"Executing... cycle 61"}}
{"date":"2024-03-20 13:09:45:600","record":{"agent":"Smith-8157","info":"Executing... cycle 62"}}
{"date":"2024-03-20 13:09:45:600","record":{"agent":"Smith-8157","info":"Executing... cycle 63"}}
{"date":"2024-03-20 13:09:45:601","record":{"agent":"Smith-8157","info":"Executing... cycle 64"}}
{"date":"2024-03-20 13:09:45:601","record":{"agent":"Smith-8157","info":"Executing... cycle 65"}}
{"date":"2024-03-20 13:09:45:602","record":{"agent":"Smith-8157","info":"Executing... cycle 66"}}
{"date":"2024-03-20 13:09:45:602","record":{"agent":"Smith-8157","info":"Executing... cycle 67"}}
{"date":"2024-03-20 13:09:45:602","record":{"agent":"Smith-8157","info":"Executing... cycle 68"}}
{"date":"2024-03-20 13:09:45:602","record":{"agent":"Smith-8157","info":"Executing... cycle 69"}}
{"date":"2024-03-20 13:09:45:603","record":{"agent":"Smith-8157","info":"Executing... cycle 70"}}
{"date":"2024-03-20 13:09:45:603","record":{"agent":"Smith-8157","info":"Executing... cycle 71"}}
{"date":"2024-03-20 13:09:45:603","record":{"agent":"Smith-8157","info":"Executing... cycle 72"}}
{"date":"2024-03-20 13:09:45:603","record":{"agent":"Smith-8157","info":"Executing... cycle 73"}}
{"date":"2024-03-20 13:09:45:603","record":{"agent":"Smith-8157","info":"Executing... cycle 74"}}
{"date":"2024-03-20 13:09:45:604","record":{"agent":"Smith-8157","info":"Executing... cycle 75"}}
{"date":"2024-03-20 13:09:45:604","record":{"agent":"Smith-8157","info":"Executing... cycle 76"}}
{"date":"2024-03-20 13:09:45:604","record":{"agent":"Smith-8157","info":"Executing... cycle 77"}}
{"date":"2024-03-20 13:09:45:604","record":{"agent":"Smith-8157","info":"Executing... cycle 78"}}
{"date":"2024-03-20 13:09:45:604","record":{"agent":"Smith-8157","info":"Executing... cycle 79"}}
{"date":"2024-03-20 13:09:45:605","record":{"agent":"Smith-8157","info":"Executing... cycle 80"}}
{"date":"2024-03-20 13:09:45:605","record":{"agent":"Smith-8157","info":"Executing... cycle 81"}}
{"date":"2024-03-20 13:09:45:605","record":{"agent":"Smith-8157","info":"Executing... cycle 82"}}
{"date":"2024-03-20 13:09:45:605","record":{"agent":"Smith-8157","info":"Executing... cycle 83"}}
{"date":"2024-03-20 13:09:45:605","record":{"agent":"Smith-8157","info":"Executing... cycle 84"}}
{"date":"2024-03-20 13:09:45:606","record":{"agent":"Smith-8157","info":"Executing... cycle 85"}}
{"date":"2024-03-20 13:09:45:606","record":{"agent":"Smith-8157","info":"Executing... cycle 86"}}
{"date":"2024-03-20 13:09:45:606","record":{"agent":"Smith-8157","info":"Executing... cycle 87"}}
{"date":"2024-03-20 13:09:45:606","record":{"agent":"Smith-8157","info":"Executing... cycle 88"}}
{"date":"2024-03-20 13:09:45:607","record":{"agent":"Smith-8157","info":"Executing... cycle 89"}}
{"date":"2024-03-20 13:09:45:607","record":{"agent":"Smith-8157","info":"Executing... cycle 90"}}
{"date":"2024-03-20 13:09:45:607","record":{"agent":"Smith-8157","info":"Executing... cycle 91"}}
{"date":"2024-03-20 13:09:45:607","record":{"agent":"Smith-8157","info":"Executing... cycle 92"}}
{"date":"2024-03-20 13:09:45:607","record":{"agent":"Smith-8157","info":"Executing... cycle 93"}}
{"date":"2024-03-20 13:09:45:608","record":{"agent":"Smith-8157","info":"Executing... cycle 94"}}
{"date":"2024-03-20 13:09:45:608","record":{"agent":"Smith-8157","info":"Executing... cycle 95"}}
{"date":"2024-03-20 13:09:45:608","record":{"agent":"Smith-8157","info":"Executing... cycle 96"}}
{"date":"2024-03-20 13:09:45:608","record":{"agent":"Smith-8157","info":"Executing... cycle 97"}}
{"date":"2024-03-20 13:09:45:608","record":{"agent":"Smith-8157","info":"Executing... cycle 98"}}
{"date":"2024-03-20 13:09:45:609","record":{"agent":"Smith-8157","info":"Executing... cycle 99"}}
{"date":"2024-03-20 13:09:45:609","record":{"agent":"Smith-8157","info":"Executing... cycle 100"}}
{"date":"2024-03-20 13:09:45:609","record":{"agent":"Smith-8157","info":"Executing... cycle 101"}}
{"date":"2024-03-20 13:09:45:609","record":{"agent":"Smith-8157","info":"Executing... cycle 102"}}
{"date":"2024-03-20 13:09:45:610","record":{"agent":"Smith-8157","info":"Executing... cycle 103"}}
{"date":"2024-03-20 13:09:45:610","record":{"agent":"Smith-8157","info":"Executing... cycle 104"}}
{"date":"2024-03-20 13:09:45:617","record":{"agent":"Smith-8157","info":"Executing... cycle 105"}}
{"date":"2024-03-20 13:09:45:617","record":{"agent":"Smith-8157","info":"Executing... cycle 106"}}
{"date":"2024-03-20 13:09:45:618","record":{"agent":"Smith-8157","info":"Executing... cycle 107"}}
{"date":"2024-03-20 13:09:45:618","record":{"agent":"Smith-8157","info":"Executing... cycle 108"}}
{"date":"2024-03-20 13:09:45:618","record":{"agent":"Smith-8157","info":"Executing... cycle 109"}}
{"date":"2024-03-20 13:09:45:618","record":{"agent":"Smith-8157","info":"Executing... cycle 110"}}
{"date":"2024-03-20 13:09:45:619","record":{"agent":"Smith-8157","info":"Executing... cycle 111"}}
{"date":"2024-03-20 13:09:45:619","record":{"agent":"Smith-8157","info":"Executing... cycle 112"}}
{"date":"2024-03-20 13:09:45:620","record":{"agent":"Smith-8157","info":"Executing... cycle 113"}}
{"date":"2024-03-20 13:09:45:620","record":{"agent":"Smith-8157","info":"Executing... cycle 114"}}
{"date":"2024-03-20 13:09:45:620","record":{"agent":"Smith-8157","info":"Executing... cycle 115"}}
{"date":"2024-03-20 13:09:45:620","record":{"agent":"Smith-8157","info":"Executing... cycle 116"}}
{"date":"2024-03-20 13:09:45:621","record":{"agent":"Smith-8157","info":"Executing... cycle 117"}}
{"date":"2024-03-20 13:09:45:621","record":{"agent":"Smith-8157","info":"Executing... cycle 118"}}
{"date":"2024-03-20 13:09:45:621","record":{"agent":"Smith-8157","info":"Executing... cycle 119"}}
{"date":"2024-03-20 13:09:45:621","record":{"agent":"Smith-8157","info":"Executing... cycle 120"}}
{"date":"2024-03-20 13:09:45:622","record":{"agent":"Smith-8157","info":"Executing... cycle 121"}}
{"date":"2024-03-20 13:09:45:622","record":{"agent":"Smith-8157","info":"Executing... cycle 122"}}
{"date":"2024-03-20 13:09:45:622","record":{"agent":"Smith-8157","info":"Executing... cycle 123"}}
{"date":"2024-03-20 13:09:45:623","record":{"agent":"Smith-8157","info":"Executing... cycle 124"}}
{"date":"2024-03-20 13:09:45:623","record":{"agent":"Smith-8157","info":"Executing... cycle 125"}}
{"date":"2024-03-20 13:09:45:623","record":{"agent":"Smith-8157","info":"Executing... cycle 126"}}
{"date":"2024-03-20 13:09:45:624","record":{"agent":"Smith-8157","info":"Taking down.."}}
{"date":"2024-03-20 13:09:50:738","record":{"agent":"Luis_Castillo_Vidal","info":"takeDown"}}
{"date":"2024-03-20 13:09:50:738","record":{"agent":"Luis_Castillo_Vidal","info":"takeDown"}}
